[
  [
    1,
    100000,
    [
      [
        1,
        10000,
        [
          [
            1,
            1000,
            [
              [
                801,
                900,
                [
                  [
                    801,
                    810,
                    [
                      "810-w.kml"
                    ]
                  ]
                ]
              ]
            ]
          ],
          [
            2001,
            3000,
            [
              [
                2701,
                2800,
                [
                  [
                    2721,
                    2730,
                    [
                      "2726-w.kml"
                    ]
                  ]
                ]
              ],
              [
                2901,
                3000,
                [
                  [
                    2981,
                    2990,
                    [
                      "2982-w.kml"
                    ]
                  ]
                ]
              ]
            ]
          ]
        ]
      ],
      [
        10001,
        20000,
        [
          [
            19001,
            20000,
            [
              [
                19301,
                19400,
                [
                  [
                    19331,
                    19340,
                    [
                      "19334-d.kml"
                    ]
                  ]
                ]
              ]
            ]
          ]
        ]
      ],
      [
        20001,
        30000,
        [
          [
            21001,
            22000,
            [
              [
                21901,
                22000,
                [
                  [
                    21961,
                    21970,
                    [
                      "21969-d.kml"
                    ]
                  ]
                ]
              ]
            ]
          ],
          [
            28001,
            29000,
            [
              [
                28101,
                28200,
                [
                  [
                    28121,
                    28130,
                    [
                      "28126-d.kml",
                      "28128-d.kml"
                    ]
                  ],
                  [
                    28151,
                    28160,
                    [
                      "28151-d.kml"
                    ]
                  ]
                ]
              ],
              [
                28601,
                28700,
                [
                  [
                    28691,
                    28700,
                    [
                      "28691-d.kml"
                    ]
                  ]
                ]
              ]
            ]
          ]
        ]
      ]
    ]
  ]
]